# JRE version: Java(TM) SE Runtime Environment (8.0_161-b12) (build 1.8.0_161-b12)
# Java VM: Java HotSpot(TM) 64-Bit Server VM (25.161-b12 mixed mode windows-amd64 compressed oops)
Heap:
 PSYoungGen      total 240128K, used 14167K [0x00000000d6200000, 0x00000000e5880000, 0x0000000100000000)
  eden space 230400K, 1% used [0x00000000d6200000,0x00000000d66581a0,0x00000000e4300000)
  from space 9728K, 99% used [0x00000000e4580000,0x00000000e4efdb88,0x00000000e4f00000)
  to   space 8704K, 0% used [0x00000000e5000000,0x00000000e5000000,0x00000000e5880000)
 ParOldGen       total 67584K, used 26839K [0x0000000082600000, 0x0000000086800000, 0x00000000d6200000)
  object space 67584K, 39% used [0x0000000082600000,0x0000000084035cd8,0x0000000086800000)
 Metaspace       used 54127K, capacity 57274K, committed 57384K, reserved 1099776K
  class space    used 7126K, capacity 7655K, committed 7728K, reserved 1048576K
GC Heap History (10 events):
Event: 10.411 GC heap before
{Heap before GC invocations=11 (full 1):
 PSYoungGen      total 126464K, used 126107K [0x00000000d6200000, 0x00000000e1d80000, 0x0000000100000000)
  eden space 118272K, 99% used [0x00000000d6200000,0x00000000dd52e138,0x00000000dd580000)
  from space 8192K, 99% used [0x00000000dd580000,0x00000000ddd78e58,0x00000000ddd80000)
  to   space 9728K, 0% used [0x00000000e1400000,0x00000000e1400000,0x00000000e1d80000)
 ParOldGen       total 46592K, used 7561K [0x0000000082600000, 0x0000000085380000, 0x00000000d6200000)
  object space 46592K, 16% used [0x0000000082600000,0x0000000082d624f8,0x0000000085380000)
 Metaspace       used 33538K, capacity 35442K, committed 35496K, reserved 1079296K
  class space    used 4421K, capacity 4775K, committed 4784K, reserved 1048576K
Event: 10.431 GC heap after
Heap after GC invocations=11 (full 1):
 PSYoungGen      total 175616K, used 6085K [0x00000000d6200000, 0x00000000e1a00000, 0x0000000100000000)
  eden space 169472K, 0% used [0x00000000d6200000,0x00000000d6200000,0x00000000e0780000)
  from space 6144K, 99% used [0x00000000e1400000,0x00000000e19f1440,0x00000000e1a00000)
  to   space 9216K, 0% used [0x00000000e0800000,0x00000000e0800000,0x00000000e1100000)
 ParOldGen       total 46592K, used 10254K [0x0000000082600000, 0x0000000085380000, 0x00000000d6200000)
  object space 46592K, 22% used [0x0000000082600000,0x0000000083003910,0x0000000085380000)
 Metaspace       used 33538K, capacity 35442K, committed 35496K, reserved 1079296K
  class space    used 4421K, capacity 4775K, committed 4784K, reserved 1048576K
}
Event: 10.431 GC heap before
{Heap before GC invocations=12 (full 2):
 PSYoungGen      total 175616K, used 6085K [0x00000000d6200000, 0x00000000e1a00000, 0x0000000100000000)
  eden space 169472K, 0% used [0x00000000d6200000,0x00000000d6200000,0x00000000e0780000)
  from space 6144K, 99% used [0x00000000e1400000,0x00000000e19f1440,0x00000000e1a00000)
  to   space 9216K, 0% used [0x00000000e0800000,0x00000000e0800000,0x00000000e1100000)
 ParOldGen       total 46592K, used 10254K [0x0000000082600000, 0x0000000085380000, 0x00000000d6200000)
  object space 46592K, 22% used [0x0000000082600000,0x0000000083003910,0x0000000085380000)
 Metaspace       used 33538K, capacity 35442K, committed 35496K, reserved 1079296K
  class space    used 4421K, capacity 4775K, committed 4784K, reserved 1048576K
Event: 10.610 GC heap after
Heap after GC invocations=12 (full 2):
 PSYoungGen      total 175616K, used 0K [0x00000000d6200000, 0x00000000e1a00000, 0x0000000100000000)
  eden space 169472K, 0% used [0x00000000d6200000,0x00000000d6200000,0x00000000e0780000)
  from space 6144K, 0% used [0x00000000e1400000,0x00000000e1400000,0x00000000e1a00000)
  to   space 9216K, 0% used [0x00000000e0800000,0x00000000e0800000,0x00000000e1100000)
 ParOldGen       total 67584K, used 13291K [0x0000000082600000, 0x0000000086800000, 0x00000000d6200000)
  object space 67584K, 19% used [0x0000000082600000,0x00000000832fafc8,0x0000000086800000)
 Metaspace       used 33538K, capacity 35442K, committed 35496K, reserved 1079296K
  class space    used 4421K, capacity 4775K, committed 4784K, reserved 1048576K
}
Event: 12.519 GC heap before
{Heap before GC invocations=13 (full 2):
 PSYoungGen      total 175616K, used 169472K [0x00000000d6200000, 0x00000000e1a00000, 0x0000000100000000)
  eden space 169472K, 100% used [0x00000000d6200000,0x00000000e0780000,0x00000000e0780000)
  from space 6144K, 0% used [0x00000000e1400000,0x00000000e1400000,0x00000000e1a00000)
  to   space 9216K, 0% used [0x00000000e0800000,0x00000000e0800000,0x00000000e1100000)
 ParOldGen       total 67584K, used 13291K [0x0000000082600000, 0x0000000086800000, 0x00000000d6200000)
  object space 67584K, 19% used [0x0000000082600000,0x00000000832fafc8,0x0000000086800000)
 Metaspace       used 36952K, capacity 38998K, committed 39208K, reserved 1083392K
  class space    used 4783K, capacity 5151K, committed 5168K, reserved 1048576K
Event: 12.530 GC heap after
Heap after GC invocations=13 (full 2):
 PSYoungGen      total 179200K, used 5693K [0x00000000d6200000, 0x00000000e5900000, 0x0000000100000000)
  eden space 169984K, 0% used [0x00000000d6200000,0x00000000d6200000,0x00000000e0800000)
  from space 9216K, 61% used [0x00000000e0800000,0x00000000e0d8f700,0x00000000e1100000)
  to   space 9216K, 0% used [0x00000000e5000000,0x00000000e5000000,0x00000000e5900000)
 ParOldGen       total 67584K, used 13299K [0x0000000082600000, 0x0000000086800000, 0x00000000d6200000)
  object space 67584K, 19% used [0x0000000082600000,0x00000000832fcfc8,0x0000000086800000)
 Metaspace       used 36952K, capacity 38998K, committed 39208K, reserved 1083392K
  class space    used 4783K, capacity 5151K, committed 5168K, reserved 1048576K
}
Event: 15.236 GC heap before
{Heap before GC invocations=14 (full 2):
 PSYoungGen      total 179200K, used 175677K [0x00000000d6200000, 0x00000000e5900000, 0x0000000100000000)
  eden space 169984K, 100% used [0x00000000d6200000,0x00000000e0800000,0x00000000e0800000)
  from space 9216K, 61% used [0x00000000e0800000,0x00000000e0d8f700,0x00000000e1100000)
  to   space 9216K, 0% used [0x00000000e5000000,0x00000000e5000000,0x00000000e5900000)
 ParOldGen       total 67584K, used 13299K [0x0000000082600000, 0x0000000086800000, 0x00000000d6200000)
  object space 67584K, 19% used [0x0000000082600000,0x00000000832fcfc8,0x0000000086800000)
 Metaspace       used 40814K, capacity 43498K, committed 43688K, reserved 1087488K
  class space    used 5356K, capacity 5801K, committed 5808K, reserved 1048576K
Event: 15.275 GC heap after
Heap after GC invocations=14 (full 2):
 PSYoungGen      total 239104K, used 8594K [0x00000000d6200000, 0x00000000e5880000, 0x0000000100000000)
  eden space 230400K, 0% used [0x00000000d6200000,0x00000000d6200000,0x00000000e4300000)
  from space 8704K, 98% used [0x00000000e5000000,0x00000000e58648c0,0x00000000e5880000)
  to   space 9728K, 0% used [0x00000000e4580000,0x00000000e4580000,0x00000000e4f00000)
 ParOldGen       total 67584K, used 16867K [0x0000000082600000, 0x0000000086800000, 0x00000000d6200000)
  object space 67584K, 24% used [0x0000000082600000,0x0000000083678ff8,0x0000000086800000)
 Metaspace       used 40814K, capacity 43498K, committed 43688K, reserved 1087488K
  class space    used 5356K, capacity 5801K, committed 5808K, reserved 1048576K
}
Event: 19.800 GC heap before
{Heap before GC invocations=15 (full 2):
 PSYoungGen      total 239104K, used 238994K [0x00000000d6200000, 0x00000000e5880000, 0x0000000100000000)
  eden space 230400K, 100% used [0x00000000d6200000,0x00000000e4300000,0x00000000e4300000)
  from space 8704K, 98% used [0x00000000e5000000,0x00000000e58648c0,0x00000000e5880000)
  to   space 9728K, 0% used [0x00000000e4580000,0x00000000e4580000,0x00000000e4f00000)
 ParOldGen       total 67584K, used 16867K [0x0000000082600000, 0x0000000086800000, 0x00000000d6200000)
  object space 67584K, 24% used [0x0000000082600000,0x0000000083678ff8,0x0000000086800000)
 Metaspace       used 53947K, capacity 57092K, committed 57384K, reserved 1099776K
  class space    used 7111K, capacity 7644K, committed 7728K, reserved 1048576K
Event: 19.864 GC heap after
Heap after GC invocations=15 (full 2):
 PSYoungGen      total 240128K, used 9718K [0x00000000d6200000, 0x00000000e5880000, 0x0000000100000000)
  eden space 230400K, 0% used [0x00000000d6200000,0x00000000d6200000,0x00000000e4300000)
  from space 9728K, 99% used [0x00000000e4580000,0x00000000e4efdb88,0x00000000e4f00000)
  to   space 8704K, 0% used [0x00000000e5000000,0x00000000e5000000,0x00000000e5880000)
 ParOldGen       total 67584K, used 26839K [0x0000000082600000, 0x0000000086800000, 0x00000000d6200000)
  object space 67584K, 39% used [0x0000000082600000,0x0000000084035cd8,0x0000000086800000)
 Metaspace       used 53947K, capacity 57092K, committed 57384K, reserved 1099776K
  class space    used 7111K, capacity 7644K, committed 7728K, reserved 1048576K
}

